📸 照片處理開始: 2026-03-23 22:46:49
發現 9 張待處理照片
--- 處理照片: 2.jpg ---
✅ 分類: uncategorized
✅ 檔案: uncategorized-20260323_224649-000.jpg
✅ 大小: 89KB
✅ 元數據: uncategorized-20260323_224649-000.json
--- 處理照片: jp-post.png ---
✅ 分類: uncategorized
✅ 檔案: uncategorized-20260323_224649-001.png
✅ 大小: 988KB
✅ 元數據: uncategorized-20260323_224649-001.json
--- 處理照片: jp-post2.png ---
✅ 分類: uncategorized
✅ 檔案: uncategorized-20260323_224649-002.png
✅ 大小: 1277KB
✅ 元數據: uncategorized-20260323_224649-002.json
--- 處理照片: name-card.jpg ---
✅ 分類: uncategorized
✅ 檔案: uncategorized-20260323_224649-003.jpg
✅ 大小: 137KB
✅ 元數據: uncategorized-20260323_224649-003.json
--- 處理照片: stall.jpg ---
✅ 分類: stall-environment
✅ 檔案: stall-environment-20260323_224649-004.jpg
✅ 大小: 260KB
✅ 元數據: stall-environment-20260323_224649-004.json
--- 處理照片: stall2.jpg ---
✅ 分類: stall-environment
✅ 檔案: stall-environment-20260323_224649-005.jpg
✅ 大小: 240KB
✅ 元數據: stall-environment-20260323_224649-005.json
--- 處理照片: stall3.jpg ---
✅ 分類: stall-environment
✅ 檔案: stall-environment-20260323_224649-006.jpg
✅ 大小: 244KB
✅ 元數據: stall-environment-20260323_224649-006.json
--- 處理照片: stall4.jpg ---
✅ 分類: stall-environment
✅ 檔案: stall-environment-20260323_224649-007.jpg
✅ 大小: 305KB
✅ 元數據: stall-environment-20260323_224649-007.json
--- 處理照片: stall5.jpg ---
✅ 分類: stall-environment
✅ 檔案: stall-environment-20260323_224649-008.jpg
✅ 大小: 195KB
✅ 元數據: stall-environment-20260323_224649-008.json
🎉 照片處理完成!
總共處理: 9 張照片
處理時間: 2026-03-23 22:46:49
📸 照片處理開始: 2026-03-23 23:42:11
發現 10 張待處理照片
--- 處理照片: 一條根茶.png ---
✅ 分類: product-closeup
✅ 檔案: product-closeup-20260323_234211-000.png
✅ 大小: 3150KB
✅ 元數據: product-closeup-20260323_234211-000.json
--- 處理照片: 七葉膽茶.png ---
✅ 分類: product-closeup
✅ 檔案: product-closeup-20260323_234211-001.png
✅ 大小: 3872KB
✅ 元數據: product-closeup-20260323_234211-001.json
--- 處理照片: 山苦瓜茶.png ---
✅ 分類: product-closeup
✅ 檔案: product-closeup-20260323_234211-002.png
✅ 大小: 3896KB
✅ 元數據: product-closeup-20260323_234211-002.json
--- 處理照片: 枸杞菊花茶.png ---
✅ 分類: product-closeup
✅ 檔案: product-closeup-20260323_234211-003.png
✅ 大小: 4412KB
✅ 元數據: product-closeup-20260323_234211-003.json
--- 處理照片: 桑葉茶.png ---
✅ 分類: product-closeup
✅ 檔案: product-closeup-20260323_234211-004.png
✅ 大小: 3568KB
✅ 元數據: product-closeup-20260323_234211-004.json
--- 處理照片: 洛神花茶.png ---
✅ 分類: product-closeup
✅ 檔案: product-closeup-20260323_234211-005.png
✅ 大小: 3260KB
✅ 元數據: product-closeup-20260323_234211-005.json
--- 處理照片: 辣木茶.png ---
✅ 分類: product-closeup
✅ 檔案: product-closeup-20260323_234211-006.png
✅ 大小: 3534KB
✅ 元數據: product-closeup-20260323_234211-006.json
--- 處理照片: 金線連茶.png ---
✅ 分類: product-closeup
✅ 檔案: product-closeup-20260323_234211-007.png
✅ 大小: 4196KB
✅ 元數據: product-closeup-20260323_234211-007.json
--- 處理照片: 魚腥草茶.png ---
✅ 分類: product-closeup
✅ 檔案: product-closeup-20260323_234211-008.png
✅ 大小: 3471KB
✅ 元數據: product-closeup-20260323_234211-008.json
--- 處理照片: 鶏角刺茶.png ---
✅ 分類: product-closeup
✅ 檔案: product-closeup-20260323_234211-009.png
✅ 大小: 3089KB
✅ 元數據: product-closeup-20260323_234211-009.json
🎉 照片處理完成!
總共處理: 10 張照片
處理時間: 2026-03-23 23:42:11
